[03:48:05.431][INFO][CraftTweaker-EarlyInit]: CraftTweaker is running on a Minecraft 1.20.1 production server modded with platform Forge
[03:48:05.438][INFO][CraftTweaker-EarlyInit]: Successfully injected RecipeFS file system
[03:48:05.458][INFO][CraftTweaker-Plugins]: Successfully identified and loaded plugin crafttweaker:builtin
[03:48:05.459][INFO][CraftTweaker-Plugins]: Successfully identified and loaded plugin crafttweaker:builtin_forge
[03:48:05.462][INFO][CraftTweaker-Plugins]: Successfully identified and loaded plugin farmersdelight:crafttweaker_plugin
[03:48:05.921][INFO][CraftTweaker]: The following mods have explicit CraftTweaker support through the default plugin:
[03:48:05.926][INFO][CraftTweaker]: - 'aquaculture' at version '2.5.1'
[03:48:05.927][INFO][CraftTweaker]: - 'crafttweaker' at version '14.0.40'
[03:48:05.927][INFO][CraftTweaker]: - 'farmersdelight' at version '1.20.1-1.2.4'
[03:48:17.710][INFO][CraftTweaker-ZenCode]: Started loading scripts for loader 'initialize'
[03:48:18.305][INFO][CraftTweaker-ZenCode]: Compiling and executing scripts
[03:48:18.358][INFO][CraftTweaker-ZenCode]: Successfully initialized modules [crafttweaker, expansions]
[03:48:18.449][INFO][CraftTweaker-ZenCode]: Execution for loader 'initialize' completed successfully
[03:48:28.590][INFO][CraftTweaker-ZenCode]: Started loading scripts for loader 'tags'
[03:48:28.622][INFO][CraftTweaker-ZenCode]: Compiling and executing scripts
[03:48:28.643][INFO][CraftTweaker-ZenCode]: Successfully initialized modules [crafttweaker, expansions]
[03:48:28.656][INFO][CraftTweaker-ZenCode]: Execution for loader 'tags' completed successfully
[03:48:30.090][INFO][CraftTweaker]: crafttweaker.reload.start
[03:48:30.095][INFO][CraftTweaker-ZenCode]: Started loading scripts for loader 'crafttweaker'
[03:48:30.121][INFO][CraftTweaker-ZenCode]: Compiling and executing scripts
[03:48:30.526][INFO][CraftTweaker-ZenCode]: Successfully initialized modules [mods, crafttweaker, expansions]
[03:48:30.537][INFO][CraftTweaker-ZenCode]: Execution for loader 'crafttweaker' completed successfully
[03:48:30.538][INFO][CraftTweaker]: crafttweaker.reload.complete
